<?xml version="1.0" encoding="UTF-8"?>
<testsuite xmlns:xsi="http://www.w3.org/2001/XMLSchema-instance" xsi:noNamespaceSchemaLocation="https://maven.apache.org/surefire/maven-surefire-plugin/xsd/surefire-test-report.xsd" name="cn.itbluebox.AppTest" time="0.067" tests="1" errors="0" skipped="0" failures="0">
  <properties>
    <property name="sun.desktop" value="windows"/>
    <property name="awt.toolkit" value="sun.awt.windows.WToolkit"/>
    <property name="file.encoding.pkg" value="sun.io"/>
    <property name="java.specification.version" value="1.8"/>
    <property name="sun.cpu.isalist" value="amd64"/>
    <property name="sun.jnu.encoding" value="GBK"/>
    <property name="java.class.path" value="E:\ZW\spring_cloud_demo\commons\target\test-classes;E:\ZW\spring_cloud_demo\commons\target\classes;E:\RJ\apache-mavenConfig\repository\org\springframework\cloud\spring-cloud-starter-netflix-eureka-client\2.1.0.RELEASE\spring-cloud-starter-netflix-eureka-client-2.1.0.RELEASE.jar;E:\RJ\apache-mavenConfig\repository\org\springframework\cloud\spring-cloud-starter\2.1.0.RELEASE\spring-cloud-starter-2.1.0.RELEASE.jar;E:\RJ\apache-mavenConfig\repository\org\springframework\cloud\spring-cloud-context\2.1.0.RELEASE\spring-cloud-context-2.1.0.RELEASE.jar;E:\RJ\apache-mavenConfig\repository\org\springframework\security\spring-security-crypto\5.1.5.RELEASE\spring-security-crypto-5.1.5.RELEASE.jar;E:\RJ\apache-mavenConfig\repository\org\springframework\cloud\spring-cloud-commons\2.1.0.RELEASE\spring-cloud-commons-2.1.0.RELEASE.jar;E:\RJ\apache-mavenConfig\repository\org\springframework\security\spring-security-rsa\1.0.7.RELEASE\spring-security-rsa-1.0.7.RELEASE.jar;E:\RJ\apache-mavenConfig\repository\org\bouncycastle\bcpkix-jdk15on\1.60\bcpkix-jdk15on-1.60.jar;E:\RJ\apache-mavenConfig\repository\org\bouncycastle\bcprov-jdk15on\1.60\bcprov-jdk15on-1.60.jar;E:\RJ\apache-mavenConfig\repository\org\springframework\cloud\spring-cloud-netflix-hystrix\2.1.0.RELEASE\spring-cloud-netflix-hystrix-2.1.0.RELEASE.jar;E:\RJ\apache-mavenConfig\repository\org\springframework\boot\spring-boot-autoconfigure\2.1.6.RELEASE\spring-boot-autoconfigure-2.1.6.RELEASE.jar;E:\RJ\apache-mavenConfig\repository\org\springframework\boot\spring-boot-starter-aop\2.1.6.RELEASE\spring-boot-starter-aop-2.1.6.RELEASE.jar;E:\RJ\apache-mavenConfig\repository\org\aspectj\aspectjweaver\1.9.4\aspectjweaver-1.9.4.jar;E:\RJ\apache-mavenConfig\repository\org\springframework\cloud\spring-cloud-netflix-eureka-client\2.1.0.RELEASE\spring-cloud-netflix-eureka-client-2.1.0.RELEASE.jar;E:\RJ\apache-mavenConfig\repository\com\netflix\eureka\eureka-client\1.9.8\eureka-client-1.9.8.jar;E:\RJ\apache-mavenConfig\repository\org\codehaus\jettison\jettison\1.3.7\jettison-1.3.7.jar;E:\RJ\apache-mavenConfig\repository\stax\stax-api\1.0.1\stax-api-1.0.1.jar;E:\RJ\apache-mavenConfig\repository\com\netflix\netflix-commons\netflix-eventbus\0.3.0\netflix-eventbus-0.3.0.jar;E:\RJ\apache-mavenConfig\repository\com\netflix\netflix-commons\netflix-infix\0.3.0\netflix-infix-0.3.0.jar;E:\RJ\apache-mavenConfig\repository\commons-jxpath\commons-jxpath\1.3\commons-jxpath-1.3.jar;E:\RJ\apache-mavenConfig\repository\joda-time\joda-time\2.10.2\joda-time-2.10.2.jar;E:\RJ\apache-mavenConfig\repository\org\antlr\antlr-runtime\3.4\antlr-runtime-3.4.jar;E:\RJ\apache-mavenConfig\repository\org\antlr\stringtemplate\3.2.1\stringtemplate-3.2.1.jar;E:\RJ\apache-mavenConfig\repository\antlr\antlr\2.7.7\antlr-2.7.7.jar;E:\RJ\apache-mavenConfig\repository\com\google\code\gson\gson\2.8.5\gson-2.8.5.jar;E:\RJ\apache-mavenConfig\repository\org\apache\commons\commons-math\2.2\commons-math-2.2.jar;E:\RJ\apache-mavenConfig\repository\com\netflix\archaius\archaius-core\0.7.6\archaius-core-0.7.6.jar;E:\RJ\apache-mavenConfig\repository\javax\ws\rs\jsr311-api\1.1.1\jsr311-api-1.1.1.jar;E:\RJ\apache-mavenConfig\repository\com\netflix\servo\servo-core\0.12.21\servo-core-0.12.21.jar;E:\RJ\apache-mavenConfig\repository\com\sun\jersey\jersey-core\1.19.1\jersey-core-1.19.1.jar;E:\RJ\apache-mavenConfig\repository\com\sun\jersey\jersey-client\1.19.1\jersey-client-1.19.1.jar;E:\RJ\apache-mavenConfig\repository\com\sun\jersey\contribs\jersey-apache-client4\1.19.1\jersey-apache-client4-1.19.1.jar;E:\RJ\apache-mavenConfig\repository\org\apache\httpcomponents\httpclient\4.5.9\httpclient-4.5.9.jar;E:\RJ\apache-mavenConfig\repository\org\apache\httpcomponents\httpcore\4.4.11\httpcore-4.4.11.jar;E:\RJ\apache-mavenConfig\repository\com\google\inject\guice\4.1.0\guice-4.1.0.jar;E:\RJ\apache-mavenConfig\repository\javax\inject\javax.inject\1\javax.inject-1.jar;E:\RJ\apache-mavenConfig\repository\aopalliance\aopalliance\1.0\aopalliance-1.0.jar;E:\RJ\apache-mavenConfig\repository\com\github\vlsi\compactmap\compactmap\1.2.1\compactmap-1.2.1.jar;E:\RJ\apache-mavenConfig\repository\com\github\andrewoma\dexx\dexx-collections\0.2\dexx-collections-0.2.jar;E:\RJ\apache-mavenConfig\repository\com\fasterxml\jackson\core\jackson-annotations\2.9.0\jackson-annotations-2.9.0.jar;E:\RJ\apache-mavenConfig\repository\com\fasterxml\jackson\core\jackson-core\2.9.9\jackson-core-2.9.9.jar;E:\RJ\apache-mavenConfig\repository\com\fasterxml\jackson\core\jackson-databind\2.9.9\jackson-databind-2.9.9.jar;E:\RJ\apache-mavenConfig\repository\com\netflix\eureka\eureka-core\1.9.8\eureka-core-1.9.8.jar;E:\RJ\apache-mavenConfig\repository\org\codehaus\woodstox\woodstox-core-asl\4.4.1\woodstox-core-asl-4.4.1.jar;E:\RJ\apache-mavenConfig\repository\javax\xml\stream\stax-api\1.0-2\stax-api-1.0-2.jar;E:\RJ\apache-mavenConfig\repository\org\codehaus\woodstox\stax2-api\3.1.4\stax2-api-3.1.4.jar;E:\RJ\apache-mavenConfig\repository\org\springframework\cloud\spring-cloud-starter-netflix-archaius\2.1.0.RELEASE\spring-cloud-starter-netflix-archaius-2.1.0.RELEASE.jar;E:\RJ\apache-mavenConfig\repository\org\springframework\cloud\spring-cloud-netflix-ribbon\2.1.0.RELEASE\spring-cloud-netflix-ribbon-2.1.0.RELEASE.jar;E:\RJ\apache-mavenConfig\repository\org\springframework\cloud\spring-cloud-netflix-archaius\2.1.0.RELEASE\spring-cloud-netflix-archaius-2.1.0.RELEASE.jar;E:\RJ\apache-mavenConfig\repository\commons-configuration\commons-configuration\1.8\commons-configuration-1.8.jar;E:\RJ\apache-mavenConfig\repository\commons-lang\commons-lang\2.6\commons-lang-2.6.jar;E:\RJ\apache-mavenConfig\repository\org\springframework\cloud\spring-cloud-starter-netflix-ribbon\2.1.0.RELEASE\spring-cloud-starter-netflix-ribbon-2.1.0.RELEASE.jar;E:\RJ\apache-mavenConfig\repository\com\netflix\ribbon\ribbon\2.3.0\ribbon-2.3.0.jar;E:\RJ\apache-mavenConfig\repository\com\netflix\ribbon\ribbon-transport\2.3.0\ribbon-transport-2.3.0.jar;E:\RJ\apache-mavenConfig\repository\io\reactivex\rxnetty-contexts\0.4.9\rxnetty-contexts-0.4.9.jar;E:\RJ\apache-mavenConfig\repository\io\reactivex\rxnetty-servo\0.4.9\rxnetty-servo-0.4.9.jar;E:\RJ\apache-mavenConfig\repository\com\netflix\hystrix\hystrix-core\1.5.18\hystrix-core-1.5.18.jar;E:\RJ\apache-mavenConfig\repository\org\hdrhistogram\HdrHistogram\2.1.9\HdrHistogram-2.1.9.jar;E:\RJ\apache-mavenConfig\repository\io\reactivex\rxnetty\0.4.9\rxnetty-0.4.9.jar;E:\RJ\apache-mavenConfig\repository\com\netflix\ribbon\ribbon-core\2.3.0\ribbon-core-2.3.0.jar;E:\RJ\apache-mavenConfig\repository\com\netflix\ribbon\ribbon-httpclient\2.3.0\ribbon-httpclient-2.3.0.jar;E:\RJ\apache-mavenConfig\repository\commons-collections\commons-collections\3.2.2\commons-collections-3.2.2.jar;E:\RJ\apache-mavenConfig\repository\com\netflix\netflix-commons\netflix-commons-util\0.3.0\netflix-commons-util-0.3.0.jar;E:\RJ\apache-mavenConfig\repository\com\netflix\ribbon\ribbon-loadbalancer\2.3.0\ribbon-loadbalancer-2.3.0.jar;E:\RJ\apache-mavenConfig\repository\com\netflix\netflix-commons\netflix-statistics\0.1.1\netflix-statistics-0.1.1.jar;E:\RJ\apache-mavenConfig\repository\io\reactivex\rxjava\1.3.8\rxjava-1.3.8.jar;E:\RJ\apache-mavenConfig\repository\com\netflix\ribbon\ribbon-eureka\2.3.0\ribbon-eureka-2.3.0.jar;E:\RJ\apache-mavenConfig\repository\com\thoughtworks\xstream\xstream\1.4.10\xstream-1.4.10.jar;E:\RJ\apache-mavenConfig\repository\xmlpull\xmlpull\1.1.3.1\xmlpull-1.1.3.1.jar;E:\RJ\apache-mavenConfig\repository\xpp3\xpp3_min\1.1.4c\xpp3_min-1.1.4c.jar;E:\RJ\apache-mavenConfig\repository\io\springfox\springfox-swagger2\2.9.2\springfox-swagger2-2.9.2.jar;E:\RJ\apache-mavenConfig\repository\io\swagger\swagger-annotations\1.5.20\swagger-annotations-1.5.20.jar;E:\RJ\apache-mavenConfig\repository\io\swagger\swagger-models\1.5.20\swagger-models-1.5.20.jar;E:\RJ\apache-mavenConfig\repository\io\springfox\springfox-spi\2.9.2\springfox-spi-2.9.2.jar;E:\RJ\apache-mavenConfig\repository\io\springfox\springfox-core\2.9.2\springfox-core-2.9.2.jar;E:\RJ\apache-mavenConfig\repository\io\springfox\springfox-schema\2.9.2\springfox-schema-2.9.2.jar;E:\RJ\apache-mavenConfig\repository\io\springfox\springfox-swagger-common\2.9.2\springfox-swagger-common-2.9.2.jar;E:\RJ\apache-mavenConfig\repository\io\springfox\springfox-spring-web\2.9.2\springfox-spring-web-2.9.2.jar;E:\RJ\apache-mavenConfig\repository\com\google\guava\guava\20.0\guava-20.0.jar;E:\RJ\apache-mavenConfig\repository\com\fasterxml\classmate\1.4.0\classmate-1.4.0.jar;E:\RJ\apache-mavenConfig\repository\org\slf4j\slf4j-api\1.7.26\slf4j-api-1.7.26.jar;E:\RJ\apache-mavenConfig\repository\org\springframework\plugin\spring-plugin-core\1.2.0.RELEASE\spring-plugin-core-1.2.0.RELEASE.jar;E:\RJ\apache-mavenConfig\repository\org\springframework\spring-beans\5.1.8.RELEASE\spring-beans-5.1.8.RELEASE.jar;E:\RJ\apache-mavenConfig\repository\org\springframework\spring-context\5.1.8.RELEASE\spring-context-5.1.8.RELEASE.jar;E:\RJ\apache-mavenConfig\repository\org\springframework\spring-aop\5.1.8.RELEASE\spring-aop-5.1.8.RELEASE.jar;E:\RJ\apache-mavenConfig\repository\org\springframework\plugin\spring-plugin-metadata\1.2.0.RELEASE\spring-plugin-metadata-1.2.0.RELEASE.jar;E:\RJ\apache-mavenConfig\repository\org\mapstruct\mapstruct\1.2.0.Final\mapstruct-1.2.0.Final.jar;E:\RJ\apache-mavenConfig\repository\io\springfox\springfox-swagger-ui\2.9.2\springfox-swagger-ui-2.9.2.jar;E:\RJ\apache-mavenConfig\repository\org\springframework\boot\spring-boot-starter-web\2.1.6.RELEASE\spring-boot-starter-web-2.1.6.RELEASE.jar;E:\RJ\apache-mavenConfig\repository\org\springframework\boot\spring-boot-starter\2.1.6.RELEASE\spring-boot-starter-2.1.6.RELEASE.jar;E:\RJ\apache-mavenConfig\repository\org\springframework\boot\spring-boot\2.1.6.RELEASE\spring-boot-2.1.6.RELEASE.jar;E:\RJ\apache-mavenConfig\repository\javax\annotation\javax.annotation-api\1.3.2\javax.annotation-api-1.3.2.jar;E:\RJ\apache-mavenConfig\repository\org\yaml\snakeyaml\1.23\snakeyaml-1.23.jar;E:\RJ\apache-mavenConfig\repository\org\springframework\boot\spring-boot-starter-json\2.1.6.RELEASE\spring-boot-starter-json-2.1.6.RELEASE.jar;E:\RJ\apache-mavenConfig\repository\com\fasterxml\jackson\datatype\jackson-datatype-jdk8\2.9.9\jackson-datatype-jdk8-2.9.9.jar;E:\RJ\apache-mavenConfig\repository\com\fasterxml\jackson\datatype\jackson-datatype-jsr310\2.9.9\jackson-datatype-jsr310-2.9.9.jar;E:\RJ\apache-mavenConfig\repository\com\fasterxml\jackson\module\jackson-module-parameter-names\2.9.9\jackson-module-parameter-names-2.9.9.jar;E:\RJ\apache-mavenConfig\repository\org\springframework\boot\spring-boot-starter-tomcat\2.1.6.RELEASE\spring-boot-starter-tomcat-2.1.6.RELEASE.jar;E:\RJ\apache-mavenConfig\repository\org\apache\tomcat\embed\tomcat-embed-core\9.0.21\tomcat-embed-core-9.0.21.jar;E:\RJ\apache-mavenConfig\repository\org\apache\tomcat\embed\tomcat-embed-el\9.0.21\tomcat-embed-el-9.0.21.jar;E:\RJ\apache-mavenConfig\repository\org\apache\tomcat\embed\tomcat-embed-websocket\9.0.21\tomcat-embed-websocket-9.0.21.jar;E:\RJ\apache-mavenConfig\repository\org\hibernate\validator\hibernate-validator\6.0.17.Final\hibernate-validator-6.0.17.Final.jar;E:\RJ\apache-mavenConfig\repository\org\jboss\logging\jboss-logging\3.3.2.Final\jboss-logging-3.3.2.Final.jar;E:\RJ\apache-mavenConfig\repository\org\springframework\spring-web\5.1.8.RELEASE\spring-web-5.1.8.RELEASE.jar;E:\RJ\apache-mavenConfig\repository\org\springframework\spring-webmvc\5.1.8.RELEASE\spring-webmvc-5.1.8.RELEASE.jar;E:\RJ\apache-mavenConfig\repository\org\springframework\spring-expression\5.1.8.RELEASE\spring-expression-5.1.8.RELEASE.jar;E:\RJ\apache-mavenConfig\repository\org\springframework\boot\spring-boot-starter-logging\2.1.6.RELEASE\spring-boot-starter-logging-2.1.6.RELEASE.jar;E:\RJ\apache-mavenConfig\repository\ch\qos\logback\logback-classic\1.2.3\logback-classic-1.2.3.jar;E:\RJ\apache-mavenConfig\repository\ch\qos\logback\logback-core\1.2.3\logback-core-1.2.3.jar;E:\RJ\apache-mavenConfig\repository\org\apache\logging\log4j\log4j-to-slf4j\2.11.2\log4j-to-slf4j-2.11.2.jar;E:\RJ\apache-mavenConfig\repository\org\apache\logging\log4j\log4j-api\2.11.2\log4j-api-2.11.2.jar;E:\RJ\apache-mavenConfig\repository\org\slf4j\jul-to-slf4j\1.7.26\jul-to-slf4j-1.7.26.jar;E:\RJ\apache-mavenConfig\repository\org\springframework\boot\spring-boot-starter-test\2.1.6.RELEASE\spring-boot-starter-test-2.1.6.RELEASE.jar;E:\RJ\apache-mavenConfig\repository\org\springframework\boot\spring-boot-test\2.1.6.RELEASE\spring-boot-test-2.1.6.RELEASE.jar;E:\RJ\apache-mavenConfig\repository\org\springframework\boot\spring-boot-test-autoconfigure\2.1.6.RELEASE\spring-boot-test-autoconfigure-2.1.6.RELEASE.jar;E:\RJ\apache-mavenConfig\repository\com\jayway\jsonpath\json-path\2.4.0\json-path-2.4.0.jar;E:\RJ\apache-mavenConfig\repository\net\minidev\json-smart\2.3\json-smart-2.3.jar;E:\RJ\apache-mavenConfig\repository\net\minidev\accessors-smart\1.2\accessors-smart-1.2.jar;E:\RJ\apache-mavenConfig\repository\org\ow2\asm\asm\5.0.4\asm-5.0.4.jar;E:\RJ\apache-mavenConfig\repository\junit\junit\4.12\junit-4.12.jar;E:\RJ\apache-mavenConfig\repository\org\assertj\assertj-core\3.11.1\assertj-core-3.11.1.jar;E:\RJ\apache-mavenConfig\repository\org\mockito\mockito-core\2.23.4\mockito-core-2.23.4.jar;E:\RJ\apache-mavenConfig\repository\net\bytebuddy\byte-buddy\1.9.13\byte-buddy-1.9.13.jar;E:\RJ\apache-mavenConfig\repository\net\bytebuddy\byte-buddy-agent\1.9.13\byte-buddy-agent-1.9.13.jar;E:\RJ\apache-mavenConfig\repository\org\objenesis\objenesis\2.6\objenesis-2.6.jar;E:\RJ\apache-mavenConfig\repository\org\hamcrest\hamcrest-core\1.3\hamcrest-core-1.3.jar;E:\RJ\apache-mavenConfig\repository\org\hamcrest\hamcrest-library\1.3\hamcrest-library-1.3.jar;E:\RJ\apache-mavenConfig\repository\org\skyscreamer\jsonassert\1.5.0\jsonassert-1.5.0.jar;E:\RJ\apache-mavenConfig\repository\com\vaadin\external\google\android-json\0.0.20131108.vaadin1\android-json-0.0.20131108.vaadin1.jar;E:\RJ\apache-mavenConfig\repository\org\springframework\spring-core\5.1.8.RELEASE\spring-core-5.1.8.RELEASE.jar;E:\RJ\apache-mavenConfig\repository\org\springframework\spring-jcl\5.1.8.RELEASE\spring-jcl-5.1.8.RELEASE.jar;E:\RJ\apache-mavenConfig\repository\org\springframework\spring-test\5.1.8.RELEASE\spring-test-5.1.8.RELEASE.jar;E:\RJ\apache-mavenConfig\repository\org\xmlunit\xmlunit-core\2.6.2\xmlunit-core-2.6.2.jar;E:\RJ\apache-mavenConfig\repository\org\projectlombok\lombok\1.18.4\lombok-1.18.4.jar;E:\RJ\apache-mavenConfig\repository\cn\afterturn\easypoi-base\4.4.0\easypoi-base-4.4.0.jar;E:\RJ\apache-mavenConfig\repository\org\apache\poi\poi\4.1.1\poi-4.1.1.jar;E:\RJ\apache-mavenConfig\repository\commons-codec\commons-codec\1.11\commons-codec-1.11.jar;E:\RJ\apache-mavenConfig\repository\org\apache\commons\commons-collections4\4.4\commons-collections4-4.4.jar;E:\RJ\apache-mavenConfig\repository\org\apache\commons\commons-math3\3.6.1\commons-math3-3.6.1.jar;E:\RJ\apache-mavenConfig\repository\org\apache\poi\poi-ooxml\4.1.1\poi-ooxml-4.1.1.jar;E:\RJ\apache-mavenConfig\repository\org\apache\commons\commons-compress\1.19\commons-compress-1.19.jar;E:\RJ\apache-mavenConfig\repository\com\github\virtuald\curvesapi\1.06\curvesapi-1.06.jar;E:\RJ\apache-mavenConfig\repository\org\apache\poi\poi-ooxml-schemas\4.1.1\poi-ooxml-schemas-4.1.1.jar;E:\RJ\apache-mavenConfig\repository\org\apache\xmlbeans\xmlbeans\3.1.0\xmlbeans-3.1.0.jar;E:\RJ\apache-mavenConfig\repository\org\apache\commons\commons-lang3\3.8.1\commons-lang3-3.8.1.jar;E:\RJ\apache-mavenConfig\repository\ognl\ognl\3.2.6\ognl-3.2.6.jar;E:\RJ\apache-mavenConfig\repository\org\javassist\javassist\3.20.0-GA\javassist-3.20.0-GA.jar;E:\RJ\apache-mavenConfig\repository\javax\validation\validation-api\2.0.1.Final\validation-api-2.0.1.Final.jar;E:\RJ\apache-mavenConfig\repository\cn\afterturn\easypoi-annotation\4.4.0\easypoi-annotation-4.4.0.jar;"/>
    <property name="java.vm.vendor" value="Oracle Corporation"/>
    <property name="sun.arch.data.model" value="64"/>
    <property name="user.variant" value=""/>
    <property name="java.vendor.url" value="http://java.oracle.com/"/>
    <property name="user.timezone" value="Asia/Shanghai"/>
    <property name="java.vm.specification.version" value="1.8"/>
    <property name="os.name" value="Windows 10"/>
    <property name="user.country" value="CN"/>
    <property name="sun.java.launcher" value="SUN_STANDARD"/>
    <property name="sun.boot.library.path" value="E:\RJ\jdk1.8\jdk1.8.0_91\jre\bin"/>
    <property name="sun.java.command" value="C:\Users\陈尚贤\AppData\Local\Temp\surefire2576484080908750332\surefirebooter5664455086358526634.jar C:\Users\陈尚贤\AppData\Local\Temp\surefire2576484080908750332 2022-04-13T18-04-37_027-jvmRun1 surefire8818142301006123313tmp surefire_04800027235557899292tmp"/>
    <property name="surefire.test.class.path" value="E:\ZW\spring_cloud_demo\commons\target\test-classes;E:\ZW\spring_cloud_demo\commons\target\classes;E:\RJ\apache-mavenConfig\repository\org\springframework\cloud\spring-cloud-starter-netflix-eureka-client\2.1.0.RELEASE\spring-cloud-starter-netflix-eureka-client-2.1.0.RELEASE.jar;E:\RJ\apache-mavenConfig\repository\org\springframework\cloud\spring-cloud-starter\2.1.0.RELEASE\spring-cloud-starter-2.1.0.RELEASE.jar;E:\RJ\apache-mavenConfig\repository\org\springframework\cloud\spring-cloud-context\2.1.0.RELEASE\spring-cloud-context-2.1.0.RELEASE.jar;E:\RJ\apache-mavenConfig\repository\org\springframework\security\spring-security-crypto\5.1.5.RELEASE\spring-security-crypto-5.1.5.RELEASE.jar;E:\RJ\apache-mavenConfig\repository\org\springframework\cloud\spring-cloud-commons\2.1.0.RELEASE\spring-cloud-commons-2.1.0.RELEASE.jar;E:\RJ\apache-mavenConfig\repository\org\springframework\security\spring-security-rsa\1.0.7.RELEASE\spring-security-rsa-1.0.7.RELEASE.jar;E:\RJ\apache-mavenConfig\repository\org\bouncycastle\bcpkix-jdk15on\1.60\bcpkix-jdk15on-1.60.jar;E:\RJ\apache-mavenConfig\repository\org\bouncycastle\bcprov-jdk15on\1.60\bcprov-jdk15on-1.60.jar;E:\RJ\apache-mavenConfig\repository\org\springframework\cloud\spring-cloud-netflix-hystrix\2.1.0.RELEASE\spring-cloud-netflix-hystrix-2.1.0.RELEASE.jar;E:\RJ\apache-mavenConfig\repository\org\springframework\boot\spring-boot-autoconfigure\2.1.6.RELEASE\spring-boot-autoconfigure-2.1.6.RELEASE.jar;E:\RJ\apache-mavenConfig\repository\org\springframework\boot\spring-boot-starter-aop\2.1.6.RELEASE\spring-boot-starter-aop-2.1.6.RELEASE.jar;E:\RJ\apache-mavenConfig\repository\org\aspectj\aspectjweaver\1.9.4\aspectjweaver-1.9.4.jar;E:\RJ\apache-mavenConfig\repository\org\springframework\cloud\spring-cloud-netflix-eureka-client\2.1.0.RELEASE\spring-cloud-netflix-eureka-client-2.1.0.RELEASE.jar;E:\RJ\apache-mavenConfig\repository\com\netflix\eureka\eureka-client\1.9.8\eureka-client-1.9.8.jar;E:\RJ\apache-mavenConfig\repository\org\codehaus\jettison\jettison\1.3.7\jettison-1.3.7.jar;E:\RJ\apache-mavenConfig\repository\stax\stax-api\1.0.1\stax-api-1.0.1.jar;E:\RJ\apache-mavenConfig\repository\com\netflix\netflix-commons\netflix-eventbus\0.3.0\netflix-eventbus-0.3.0.jar;E:\RJ\apache-mavenConfig\repository\com\netflix\netflix-commons\netflix-infix\0.3.0\netflix-infix-0.3.0.jar;E:\RJ\apache-mavenConfig\repository\commons-jxpath\commons-jxpath\1.3\commons-jxpath-1.3.jar;E:\RJ\apache-mavenConfig\repository\joda-time\joda-time\2.10.2\joda-time-2.10.2.jar;E:\RJ\apache-mavenConfig\repository\org\antlr\antlr-runtime\3.4\antlr-runtime-3.4.jar;E:\RJ\apache-mavenConfig\repository\org\antlr\stringtemplate\3.2.1\stringtemplate-3.2.1.jar;E:\RJ\apache-mavenConfig\repository\antlr\antlr\2.7.7\antlr-2.7.7.jar;E:\RJ\apache-mavenConfig\repository\com\google\code\gson\gson\2.8.5\gson-2.8.5.jar;E:\RJ\apache-mavenConfig\repository\org\apache\commons\commons-math\2.2\commons-math-2.2.jar;E:\RJ\apache-mavenConfig\repository\com\netflix\archaius\archaius-core\0.7.6\archaius-core-0.7.6.jar;E:\RJ\apache-mavenConfig\repository\javax\ws\rs\jsr311-api\1.1.1\jsr311-api-1.1.1.jar;E:\RJ\apache-mavenConfig\repository\com\netflix\servo\servo-core\0.12.21\servo-core-0.12.21.jar;E:\RJ\apache-mavenConfig\repository\com\sun\jersey\jersey-core\1.19.1\jersey-core-1.19.1.jar;E:\RJ\apache-mavenConfig\repository\com\sun\jersey\jersey-client\1.19.1\jersey-client-1.19.1.jar;E:\RJ\apache-mavenConfig\repository\com\sun\jersey\contribs\jersey-apache-client4\1.19.1\jersey-apache-client4-1.19.1.jar;E:\RJ\apache-mavenConfig\repository\org\apache\httpcomponents\httpclient\4.5.9\httpclient-4.5.9.jar;E:\RJ\apache-mavenConfig\repository\org\apache\httpcomponents\httpcore\4.4.11\httpcore-4.4.11.jar;E:\RJ\apache-mavenConfig\repository\com\google\inject\guice\4.1.0\guice-4.1.0.jar;E:\RJ\apache-mavenConfig\repository\javax\inject\javax.inject\1\javax.inject-1.jar;E:\RJ\apache-mavenConfig\repository\aopalliance\aopalliance\1.0\aopalliance-1.0.jar;E:\RJ\apache-mavenConfig\repository\com\github\vlsi\compactmap\compactmap\1.2.1\compactmap-1.2.1.jar;E:\RJ\apache-mavenConfig\repository\com\github\andrewoma\dexx\dexx-collections\0.2\dexx-collections-0.2.jar;E:\RJ\apache-mavenConfig\repository\com\fasterxml\jackson\core\jackson-annotations\2.9.0\jackson-annotations-2.9.0.jar;E:\RJ\apache-mavenConfig\repository\com\fasterxml\jackson\core\jackson-core\2.9.9\jackson-core-2.9.9.jar;E:\RJ\apache-mavenConfig\repository\com\fasterxml\jackson\core\jackson-databind\2.9.9\jackson-databind-2.9.9.jar;E:\RJ\apache-mavenConfig\repository\com\netflix\eureka\eureka-core\1.9.8\eureka-core-1.9.8.jar;E:\RJ\apache-mavenConfig\repository\org\codehaus\woodstox\woodstox-core-asl\4.4.1\woodstox-core-asl-4.4.1.jar;E:\RJ\apache-mavenConfig\repository\javax\xml\stream\stax-api\1.0-2\stax-api-1.0-2.jar;E:\RJ\apache-mavenConfig\repository\org\codehaus\woodstox\stax2-api\3.1.4\stax2-api-3.1.4.jar;E:\RJ\apache-mavenConfig\repository\org\springframework\cloud\spring-cloud-starter-netflix-archaius\2.1.0.RELEASE\spring-cloud-starter-netflix-archaius-2.1.0.RELEASE.jar;E:\RJ\apache-mavenConfig\repository\org\springframework\cloud\spring-cloud-netflix-ribbon\2.1.0.RELEASE\spring-cloud-netflix-ribbon-2.1.0.RELEASE.jar;E:\RJ\apache-mavenConfig\repository\org\springframework\cloud\spring-cloud-netflix-archaius\2.1.0.RELEASE\spring-cloud-netflix-archaius-2.1.0.RELEASE.jar;E:\RJ\apache-mavenConfig\repository\commons-configuration\commons-configuration\1.8\commons-configuration-1.8.jar;E:\RJ\apache-mavenConfig\repository\commons-lang\commons-lang\2.6\commons-lang-2.6.jar;E:\RJ\apache-mavenConfig\repository\org\springframework\cloud\spring-cloud-starter-netflix-ribbon\2.1.0.RELEASE\spring-cloud-starter-netflix-ribbon-2.1.0.RELEASE.jar;E:\RJ\apache-mavenConfig\repository\com\netflix\ribbon\ribbon\2.3.0\ribbon-2.3.0.jar;E:\RJ\apache-mavenConfig\repository\com\netflix\ribbon\ribbon-transport\2.3.0\ribbon-transport-2.3.0.jar;E:\RJ\apache-mavenConfig\repository\io\reactivex\rxnetty-contexts\0.4.9\rxnetty-contexts-0.4.9.jar;E:\RJ\apache-mavenConfig\repository\io\reactivex\rxnetty-servo\0.4.9\rxnetty-servo-0.4.9.jar;E:\RJ\apache-mavenConfig\repository\com\netflix\hystrix\hystrix-core\1.5.18\hystrix-core-1.5.18.jar;E:\RJ\apache-mavenConfig\repository\org\hdrhistogram\HdrHistogram\2.1.9\HdrHistogram-2.1.9.jar;E:\RJ\apache-mavenConfig\repository\io\reactivex\rxnetty\0.4.9\rxnetty-0.4.9.jar;E:\RJ\apache-mavenConfig\repository\com\netflix\ribbon\ribbon-core\2.3.0\ribbon-core-2.3.0.jar;E:\RJ\apache-mavenConfig\repository\com\netflix\ribbon\ribbon-httpclient\2.3.0\ribbon-httpclient-2.3.0.jar;E:\RJ\apache-mavenConfig\repository\commons-collections\commons-collections\3.2.2\commons-collections-3.2.2.jar;E:\RJ\apache-mavenConfig\repository\com\netflix\netflix-commons\netflix-commons-util\0.3.0\netflix-commons-util-0.3.0.jar;E:\RJ\apache-mavenConfig\repository\com\netflix\ribbon\ribbon-loadbalancer\2.3.0\ribbon-loadbalancer-2.3.0.jar;E:\RJ\apache-mavenConfig\repository\com\netflix\netflix-commons\netflix-statistics\0.1.1\netflix-statistics-0.1.1.jar;E:\RJ\apache-mavenConfig\repository\io\reactivex\rxjava\1.3.8\rxjava-1.3.8.jar;E:\RJ\apache-mavenConfig\repository\com\netflix\ribbon\ribbon-eureka\2.3.0\ribbon-eureka-2.3.0.jar;E:\RJ\apache-mavenConfig\repository\com\thoughtworks\xstream\xstream\1.4.10\xstream-1.4.10.jar;E:\RJ\apache-mavenConfig\repository\xmlpull\xmlpull\1.1.3.1\xmlpull-1.1.3.1.jar;E:\RJ\apache-mavenConfig\repository\xpp3\xpp3_min\1.1.4c\xpp3_min-1.1.4c.jar;E:\RJ\apache-mavenConfig\repository\io\springfox\springfox-swagger2\2.9.2\springfox-swagger2-2.9.2.jar;E:\RJ\apache-mavenConfig\repository\io\swagger\swagger-annotations\1.5.20\swagger-annotations-1.5.20.jar;E:\RJ\apache-mavenConfig\repository\io\swagger\swagger-models\1.5.20\swagger-models-1.5.20.jar;E:\RJ\apache-mavenConfig\repository\io\springfox\springfox-spi\2.9.2\springfox-spi-2.9.2.jar;E:\RJ\apache-mavenConfig\repository\io\springfox\springfox-core\2.9.2\springfox-core-2.9.2.jar;E:\RJ\apache-mavenConfig\repository\io\springfox\springfox-schema\2.9.2\springfox-schema-2.9.2.jar;E:\RJ\apache-mavenConfig\repository\io\springfox\springfox-swagger-common\2.9.2\springfox-swagger-common-2.9.2.jar;E:\RJ\apache-mavenConfig\repository\io\springfox\springfox-spring-web\2.9.2\springfox-spring-web-2.9.2.jar;E:\RJ\apache-mavenConfig\repository\com\google\guava\guava\20.0\guava-20.0.jar;E:\RJ\apache-mavenConfig\repository\com\fasterxml\classmate\1.4.0\classmate-1.4.0.jar;E:\RJ\apache-mavenConfig\repository\org\slf4j\slf4j-api\1.7.26\slf4j-api-1.7.26.jar;E:\RJ\apache-mavenConfig\repository\org\springframework\plugin\spring-plugin-core\1.2.0.RELEASE\spring-plugin-core-1.2.0.RELEASE.jar;E:\RJ\apache-mavenConfig\repository\org\springframework\spring-beans\5.1.8.RELEASE\spring-beans-5.1.8.RELEASE.jar;E:\RJ\apache-mavenConfig\repository\org\springframework\spring-context\5.1.8.RELEASE\spring-context-5.1.8.RELEASE.jar;E:\RJ\apache-mavenConfig\repository\org\springframework\spring-aop\5.1.8.RELEASE\spring-aop-5.1.8.RELEASE.jar;E:\RJ\apache-mavenConfig\repository\org\springframework\plugin\spring-plugin-metadata\1.2.0.RELEASE\spring-plugin-metadata-1.2.0.RELEASE.jar;E:\RJ\apache-mavenConfig\repository\org\mapstruct\mapstruct\1.2.0.Final\mapstruct-1.2.0.Final.jar;E:\RJ\apache-mavenConfig\repository\io\springfox\springfox-swagger-ui\2.9.2\springfox-swagger-ui-2.9.2.jar;E:\RJ\apache-mavenConfig\repository\org\springframework\boot\spring-boot-starter-web\2.1.6.RELEASE\spring-boot-starter-web-2.1.6.RELEASE.jar;E:\RJ\apache-mavenConfig\repository\org\springframework\boot\spring-boot-starter\2.1.6.RELEASE\spring-boot-starter-2.1.6.RELEASE.jar;E:\RJ\apache-mavenConfig\repository\org\springframework\boot\spring-boot\2.1.6.RELEASE\spring-boot-2.1.6.RELEASE.jar;E:\RJ\apache-mavenConfig\repository\javax\annotation\javax.annotation-api\1.3.2\javax.annotation-api-1.3.2.jar;E:\RJ\apache-mavenConfig\repository\org\yaml\snakeyaml\1.23\snakeyaml-1.23.jar;E:\RJ\apache-mavenConfig\repository\org\springframework\boot\spring-boot-starter-json\2.1.6.RELEASE\spring-boot-starter-json-2.1.6.RELEASE.jar;E:\RJ\apache-mavenConfig\repository\com\fasterxml\jackson\datatype\jackson-datatype-jdk8\2.9.9\jackson-datatype-jdk8-2.9.9.jar;E:\RJ\apache-mavenConfig\repository\com\fasterxml\jackson\datatype\jackson-datatype-jsr310\2.9.9\jackson-datatype-jsr310-2.9.9.jar;E:\RJ\apache-mavenConfig\repository\com\fasterxml\jackson\module\jackson-module-parameter-names\2.9.9\jackson-module-parameter-names-2.9.9.jar;E:\RJ\apache-mavenConfig\repository\org\springframework\boot\spring-boot-starter-tomcat\2.1.6.RELEASE\spring-boot-starter-tomcat-2.1.6.RELEASE.jar;E:\RJ\apache-mavenConfig\repository\org\apache\tomcat\embed\tomcat-embed-core\9.0.21\tomcat-embed-core-9.0.21.jar;E:\RJ\apache-mavenConfig\repository\org\apache\tomcat\embed\tomcat-embed-el\9.0.21\tomcat-embed-el-9.0.21.jar;E:\RJ\apache-mavenConfig\repository\org\apache\tomcat\embed\tomcat-embed-websocket\9.0.21\tomcat-embed-websocket-9.0.21.jar;E:\RJ\apache-mavenConfig\repository\org\hibernate\validator\hibernate-validator\6.0.17.Final\hibernate-validator-6.0.17.Final.jar;E:\RJ\apache-mavenConfig\repository\org\jboss\logging\jboss-logging\3.3.2.Final\jboss-logging-3.3.2.Final.jar;E:\RJ\apache-mavenConfig\repository\org\springframework\spring-web\5.1.8.RELEASE\spring-web-5.1.8.RELEASE.jar;E:\RJ\apache-mavenConfig\repository\org\springframework\spring-webmvc\5.1.8.RELEASE\spring-webmvc-5.1.8.RELEASE.jar;E:\RJ\apache-mavenConfig\repository\org\springframework\spring-expression\5.1.8.RELEASE\spring-expression-5.1.8.RELEASE.jar;E:\RJ\apache-mavenConfig\repository\org\springframework\boot\spring-boot-starter-logging\2.1.6.RELEASE\spring-boot-starter-logging-2.1.6.RELEASE.jar;E:\RJ\apache-mavenConfig\repository\ch\qos\logback\logback-classic\1.2.3\logback-classic-1.2.3.jar;E:\RJ\apache-mavenConfig\repository\ch\qos\logback\logback-core\1.2.3\logback-core-1.2.3.jar;E:\RJ\apache-mavenConfig\repository\org\apache\logging\log4j\log4j-to-slf4j\2.11.2\log4j-to-slf4j-2.11.2.jar;E:\RJ\apache-mavenConfig\repository\org\apache\logging\log4j\log4j-api\2.11.2\log4j-api-2.11.2.jar;E:\RJ\apache-mavenConfig\repository\org\slf4j\jul-to-slf4j\1.7.26\jul-to-slf4j-1.7.26.jar;E:\RJ\apache-mavenConfig\repository\org\springframework\boot\spring-boot-starter-test\2.1.6.RELEASE\spring-boot-starter-test-2.1.6.RELEASE.jar;E:\RJ\apache-mavenConfig\repository\org\springframework\boot\spring-boot-test\2.1.6.RELEASE\spring-boot-test-2.1.6.RELEASE.jar;E:\RJ\apache-mavenConfig\repository\org\springframework\boot\spring-boot-test-autoconfigure\2.1.6.RELEASE\spring-boot-test-autoconfigure-2.1.6.RELEASE.jar;E:\RJ\apache-mavenConfig\repository\com\jayway\jsonpath\json-path\2.4.0\json-path-2.4.0.jar;E:\RJ\apache-mavenConfig\repository\net\minidev\json-smart\2.3\json-smart-2.3.jar;E:\RJ\apache-mavenConfig\repository\net\minidev\accessors-smart\1.2\accessors-smart-1.2.jar;E:\RJ\apache-mavenConfig\repository\org\ow2\asm\asm\5.0.4\asm-5.0.4.jar;E:\RJ\apache-mavenConfig\repository\junit\junit\4.12\junit-4.12.jar;E:\RJ\apache-mavenConfig\repository\org\assertj\assertj-core\3.11.1\assertj-core-3.11.1.jar;E:\RJ\apache-mavenConfig\repository\org\mockito\mockito-core\2.23.4\mockito-core-2.23.4.jar;E:\RJ\apache-mavenConfig\repository\net\bytebuddy\byte-buddy\1.9.13\byte-buddy-1.9.13.jar;E:\RJ\apache-mavenConfig\repository\net\bytebuddy\byte-buddy-agent\1.9.13\byte-buddy-agent-1.9.13.jar;E:\RJ\apache-mavenConfig\repository\org\objenesis\objenesis\2.6\objenesis-2.6.jar;E:\RJ\apache-mavenConfig\repository\org\hamcrest\hamcrest-core\1.3\hamcrest-core-1.3.jar;E:\RJ\apache-mavenConfig\repository\org\hamcrest\hamcrest-library\1.3\hamcrest-library-1.3.jar;E:\RJ\apache-mavenConfig\repository\org\skyscreamer\jsonassert\1.5.0\jsonassert-1.5.0.jar;E:\RJ\apache-mavenConfig\repository\com\vaadin\external\google\android-json\0.0.20131108.vaadin1\android-json-0.0.20131108.vaadin1.jar;E:\RJ\apache-mavenConfig\repository\org\springframework\spring-core\5.1.8.RELEASE\spring-core-5.1.8.RELEASE.jar;E:\RJ\apache-mavenConfig\repository\org\springframework\spring-jcl\5.1.8.RELEASE\spring-jcl-5.1.8.RELEASE.jar;E:\RJ\apache-mavenConfig\repository\org\springframework\spring-test\5.1.8.RELEASE\spring-test-5.1.8.RELEASE.jar;E:\RJ\apache-mavenConfig\repository\org\xmlunit\xmlunit-core\2.6.2\xmlunit-core-2.6.2.jar;E:\RJ\apache-mavenConfig\repository\org\projectlombok\lombok\1.18.4\lombok-1.18.4.jar;E:\RJ\apache-mavenConfig\repository\cn\afterturn\easypoi-base\4.4.0\easypoi-base-4.4.0.jar;E:\RJ\apache-mavenConfig\repository\org\apache\poi\poi\4.1.1\poi-4.1.1.jar;E:\RJ\apache-mavenConfig\repository\commons-codec\commons-codec\1.11\commons-codec-1.11.jar;E:\RJ\apache-mavenConfig\repository\org\apache\commons\commons-collections4\4.4\commons-collections4-4.4.jar;E:\RJ\apache-mavenConfig\repository\org\apache\commons\commons-math3\3.6.1\commons-math3-3.6.1.jar;E:\RJ\apache-mavenConfig\repository\org\apache\poi\poi-ooxml\4.1.1\poi-ooxml-4.1.1.jar;E:\RJ\apache-mavenConfig\repository\org\apache\commons\commons-compress\1.19\commons-compress-1.19.jar;E:\RJ\apache-mavenConfig\repository\com\github\virtuald\curvesapi\1.06\curvesapi-1.06.jar;E:\RJ\apache-mavenConfig\repository\org\apache\poi\poi-ooxml-schemas\4.1.1\poi-ooxml-schemas-4.1.1.jar;E:\RJ\apache-mavenConfig\repository\org\apache\xmlbeans\xmlbeans\3.1.0\xmlbeans-3.1.0.jar;E:\RJ\apache-mavenConfig\repository\org\apache\commons\commons-lang3\3.8.1\commons-lang3-3.8.1.jar;E:\RJ\apache-mavenConfig\repository\ognl\ognl\3.2.6\ognl-3.2.6.jar;E:\RJ\apache-mavenConfig\repository\org\javassist\javassist\3.20.0-GA\javassist-3.20.0-GA.jar;E:\RJ\apache-mavenConfig\repository\javax\validation\validation-api\2.0.1.Final\validation-api-2.0.1.Final.jar;E:\RJ\apache-mavenConfig\repository\cn\afterturn\easypoi-annotation\4.4.0\easypoi-annotation-4.4.0.jar;"/>
    <property name="sun.cpu.endian" value="little"/>
    <property name="user.home" value="C:\Users\陈尚贤"/>
    <property name="user.language" value="zh"/>
    <property name="java.specification.vendor" value="Oracle Corporation"/>
    <property name="java.home" value="E:\RJ\jdk1.8\jdk1.8.0_91\jre"/>
    <property name="basedir" value="E:\ZW\spring_cloud_demo\commons"/>
    <property name="file.separator" value="\"/>
    <property name="line.separator" value="&#10;"/>
    <property name="java.vm.specification.vendor" value="Oracle Corporation"/>
    <property name="java.specification.name" value="Java Platform API Specification"/>
    <property name="java.awt.graphicsenv" value="sun.awt.Win32GraphicsEnvironment"/>
    <property name="surefire.real.class.path" value="C:\Users\陈尚贤\AppData\Local\Temp\surefire2576484080908750332\surefirebooter5664455086358526634.jar"/>
    <property name="sun.boot.class.path" value="E:\RJ\jdk1.8\jdk1.8.0_91\jre\lib\resources.jar;E:\RJ\jdk1.8\jdk1.8.0_91\jre\lib\rt.jar;E:\RJ\jdk1.8\jdk1.8.0_91\jre\lib\sunrsasign.jar;E:\RJ\jdk1.8\jdk1.8.0_91\jre\lib\jsse.jar;E:\RJ\jdk1.8\jdk1.8.0_91\jre\lib\jce.jar;E:\RJ\jdk1.8\jdk1.8.0_91\jre\lib\charsets.jar;E:\RJ\jdk1.8\jdk1.8.0_91\jre\lib\jfr.jar;E:\RJ\jdk1.8\jdk1.8.0_91\jre\classes"/>
    <property name="user.script" value=""/>
    <property name="sun.management.compiler" value="HotSpot 64-Bit Tiered Compilers"/>
    <property name="java.runtime.version" value="1.8.0_91-b15"/>
    <property name="user.name" value="陈尚贤"/>
    <property name="path.separator" value=";"/>
    <property name="os.version" value="10.0"/>
    <property name="java.endorsed.dirs" value="E:\RJ\jdk1.8\jdk1.8.0_91\jre\lib\endorsed"/>
    <property name="java.runtime.name" value="Java(TM) SE Runtime Environment"/>
    <property name="file.encoding" value="GBK"/>
    <property name="java.vm.name" value="Java HotSpot(TM) 64-Bit Server VM"/>
    <property name="localRepository" value="E:\RJ\apache-mavenConfig\repository"/>
    <property name="java.vendor.url.bug" value="http://bugreport.sun.com/bugreport/"/>
    <property name="java.io.tmpdir" value="C:\Users\陈尚贤\AppData\Local\Temp\"/>
    <property name="idea.version" value="2020.3.1"/>
    <property name="java.version" value="1.8.0_91"/>
    <property name="user.dir" value="E:\ZW\spring_cloud_demo\commons"/>
    <property name="os.arch" value="amd64"/>
    <property name="java.vm.specification.name" value="Java Virtual Machine Specification"/>
    <property name="java.awt.printerjob" value="sun.awt.windows.WPrinterJob"/>
    <property name="sun.os.patch.level" value=""/>
    <property name="java.library.path" value="E:\RJ\jdk1.8\jdk1.8.0_91\jre\bin;C:\WINDOWS\Sun\Java\bin;C:\WINDOWS\system32;C:\WINDOWS;E:\RJ\xftp\;E:\RJ\xshell\;E:\RJ\orcal\product\11.2.0\dbhome_1\bin;C:\Program Files (x86)\Intel\Intel(R) Management Engine Components\iCLS\;C:\Program Files\Intel\Intel(R) Management Engine Components\iCLS\;C:\Windows\system32;C:\Windows;C:\Windows\System32\Wbem;C:\Windows\System32\WindowsPowerShell\v1.0\;C:\Windows\System32\OpenSSH\;C:\Program Files (x86)\Intel\Intel(R) Management Engine Components\DAL;C:\Program Files\Intel\Intel(R) Management Engine Components\DAL;C:\Program Files (x86)\Intel\Intel(R) Management Engine Components\IPT;C:\Program Files\Intel\Intel(R) Management Engine Components\IPT;C:\Program Files (x86)\NVIDIA Corporation\PhysX\Common;E:\RJ\jdk1.8\jdk1.8.0_91\bin;E:\RJ\jdk1.8\jdk1.8.0_91\jre\bin;E:\RJ\apache-maven-3.3.9\bin;E:\RJ\SVN\bin;C:\Program Files\MySQL\MySQL Utilities 1.6\;C:\Program Files\TortoiseSVN\bin;C:\Program Files\MySQL\MySQL Server 5.7\bin;E:\RJ\Navicat Premium 12\instantclient_12_1;C:\WINDOWS\system32;C:\WINDOWS;C:\WINDOWS\System32\Wbem;C:\WINDOWS\System32\WindowsPowerShell\v1.0\;C:\WINDOWS\System32\OpenSSH\;F:\RJ\nodejs\;C:\Program Files (x86)\Microsoft SQL Server\100\Tools\Binn\;C:\Program Files\Microsoft SQL Server\100\Tools\Binn\;C:\Program Files\Microsoft SQL Server\100\DTS\Binn\;C:\Program Files (x86)\Microsoft SQL Server\100\Tools\Binn\VSShell\Common7\IDE\;C:\Program Files (x86)\Microsoft Visual Studio 9.0\Common7\IDE\PrivateAssemblies\;C:\Program Files (x86)\Microsoft SQL Server\100\DTS\Binn\;E:\RJ\git\Git\cmd;C:\Program Files\TortoiseGit\bin;C:\Users\陈尚贤\AppData\Local\Microsoft\WindowsApps;E:;RJ\Visual Studio\Microsoft VS Code\bin;E:\RJ\SSH;C:\Users\陈尚贤\AppData\Local\BypassRuntm;%U;ERPROFILE%\AppData\Local\Microsoft\WindowsApps;C:\Users\陈尚贤\AppData\Roaming\npm;F:;RJ\Docker\Docker Toolbox;F:\RJ\Docker\Docker Toolbox;C:\Users\陈尚贤\AppData\Local\Microsoft\WindowsApps;;E:\RJ\Visual Studio\Microsoft VS Code\bin;."/>
    <property name="java.vm.info" value="mixed mode"/>
    <property name="java.vendor" value="Oracle Corporation"/>
    <property name="java.vm.version" value="25.91-b15"/>
    <property name="java.ext.dirs" value="E:\RJ\jdk1.8\jdk1.8.0_91\jre\lib\ext;C:\WINDOWS\Sun\Java\lib\ext"/>
    <property name="sun.io.unicode.encoding" value="UnicodeLittle"/>
    <property name="maven.repo.local" value="E:\RJ\apache-mavenConfig\repository"/>
    <property name="java.class.version" value="52.0"/>
  </properties>
  <testcase name="shouldAnswerWithTrue" classname="cn.itbluebox.AppTest" time="0.002"/>
</testsuite>